{
  "RSpec": {
    "coverage": {
      "/monopoly/app/helpers/application_helper.rb": [
        1,
        null
      ],
      "/monopoly/app/helpers/games_helper.rb": [
        1,
        null
      ],
      "/monopoly/app/helpers/home_helper.rb": [
        1,
        null
      ],
      "/monopoly/app/helpers/invitations_helper.rb": [
        1,
        1,
        5,
        5,
        5,
        null,
        null,
        null
      ],
      "/monopoly/app/helpers/money_transactions_helper.rb": [
        1,
        null
      ],
      "/monopoly/app/helpers/players_helper.rb": [
        1,
        null
      ],
      "/monopoly/app/controllers/games_controller.rb": [
        1,
        1,
        1,
        5,
        null,
        null,
        1,
        2,
        2,
        4,
        null,
        null,
        null,
        1,
        null,
        null,
        null
      ],
      "/monopoly/app/controllers/application_controller.rb": [
        1,
        null
      ],
      "/monopoly/app/controllers/home_controller.rb": [
        1,
        1,
        2,
        2,
        null,
        null,
        null
      ],
      "/monopoly/app/controllers/invitations_controller.rb": [
        1,
        1,
        3,
        null,
        null,
        1,
        3,
        3,
        2,
        2,
        null,
        0,
        null,
        null,
        null,
        1,
        3,
        3,
        2,
        2,
        null,
        0,
        null,
        null,
        null,
        1,
        7,
        6,
        6,
        6,
        6,
        6,
        6,
        null,
        null,
        1,
        null,
        1,
        6,
        null,
        null,
        1,
        13,
        null,
        null
      ],
      "/monopoly/app/controllers/money_transactions_controller.rb": [
        1,
        null
      ],
      "/monopoly/app/controllers/players_controller.rb": [
        1,
        null
      ],
      "/monopoly/app/models/game.rb": [
        1,
        1,
        1,
        1,
        1,
        1,
        1,
        null,
        1,
        null,
        null,
        1,
        37,
        null,
        null,
        1,
        4,
        1,
        1,
        1,
        null,
        null,
        null,
        null,
        1,
        null,
        1,
        36,
        null,
        null
      ],
      "/monopoly/app/models/invitation.rb": [
        1,
        1,
        1,
        null,
        1,
        1,
        null,
        1,
        null,
        1,
        5,
        4,
        4,
        4,
        null,
        null,
        null,
        null,
        1,
        2,
        2,
        null,
        null,
        null,
        1,
        null,
        1,
        24,
        null,
        null,
        1,
        17,
        null,
        null
      ],
      "/monopoly/app/models/money_transaction.rb": [
        1,
        1,
        1,
        null
      ],
      "/monopoly/app/models/player.rb": [
        1,
        1,
        1,
        1,
        1,
        1,
        1,
        1,
        null,
        1,
        null,
        1,
        18,
        null,
        null,
        1,
        7,
        null,
        null,
        null,
        1,
        null,
        1,
        57,
        null,
        null
      ],
      "/monopoly/app/channels/application_cable/channel.rb": [
        null,
        null,
        null,
        null,
        null,
        null
      ],
      "/monopoly/app/channels/application_cable/connection.rb": [
        null,
        null,
        null,
        null,
        null,
        null
      ],
      "/monopoly/app/jobs/application_job.rb": [
        null,
        null,
        null,
        null
      ],
      "/monopoly/app/mailers/application_mailer.rb": [
        null,
        null,
        null,
        null,
        null,
        null
      ],
      "/monopoly/app/models/application_record.rb": [
        0,
        0,
        0
      ],
      "/monopoly/app/models/user.rb": [
        0,
        null,
        null,
        0,
        0,
        null,
        0,
        0,
        null,
        0,
        0,
        0,
        0
      ],
      "/monopoly/app/views/users/_user.rb": [
        0
      ]
    },
    "timestamp": 1533590984
  }
}
